IQ-TREE multicore version 1.6.12 for Linux 64-bit built Aug 15 2019
Developed by Bui Quang Minh, Nguyen Lam Tung, Olga Chernomor,
Heiko Schmidt, Dominik Schrempf, Michael Woodhams.

Host:    woese (AVX, FMA3, 504 GB RAM)
Command: ../../iqtree -s CLDN14_dataset3_nuc_aligned.fasta -st DNA -m TEST -bb 10000 -alrt 5000 -abayes
Seed:    334735 (Using SPRNG - Scalable Parallel Random Number Generator)
Time:    Fri Sep 23 22:47:10 2022
Kernel:  AVX+FMA - 1 threads (48 CPU cores detected)

HINT: Use -nt option to specify number of threads because your CPU has 48 cores!
HINT: -nt AUTO will automatically determine the best number of threads to use.

Reading alignment file CLDN14_dataset3_nuc_aligned.fasta ... Fasta format detected
Alignment most likely contains DNA/RNA sequences
Alignment has 44 sequences with 723 columns, 158 distinct patterns
48 parsimony-informative, 71 singleton sites, 604 constant sites
                                                    Gap/Ambiguity  Composition  p-value
   1  Stenella_attenuata_CLDN14                             1.66%    passed     99.61%
   2  Sotalia_fluviatilis_CLDN14                            1.66%    passed     99.86%
   3  Globicephala_melas_CLDN14                             1.66%    passed     99.86%
   4  Lagenorhynchus_obscurus_CLDN14                        1.66%    passed     99.86%
   5  Lagenorhynchus_obliquidens_CLDN14                     1.66%    passed     99.86%
   6  Orcinus_orca_CLDN14                                   1.66%    passed     99.86%
   7  Tursiops_truncatus_CLDN14                             1.66%    passed     99.41%
   8  Sotalia_guianensis_CLDN14                             1.66%    passed     99.61%
   9  Orcaella_heinsohni_CLDN14                             1.66%    passed     99.61%
  10  Delphinus_delphis_CLDN14                              1.66%    passed     97.93%
  11  Sousa_chinensis_CLDN14                                1.66%    passed     99.61%
  12  Feresa_attenuata_CLDN14                               1.66%    passed     99.86%
  13  Peponocephala_electra_CLDN14                          1.66%    passed     99.86%
  14  Grampus_griseus_CLDN14                                1.66%    passed     99.86%
  15  Orcaella_brevirostris_CLDN14                          1.66%    passed     99.07%
  16  Phocoena_sinus_CLDN14                                 1.66%    passed     99.37%
  17  Phocoena_phocoena_CLDN14                              1.66%    passed     99.37%
  18  Neophocaena_asiaeorientalis_asiaeorientalis_CLDN14    1.66%    passed     98.93%
  19  Monodon_monoceros_CLDN14                              1.66%    passed     98.61%
  20  Delphinapterus_leucas_CLDN14                          1.66%    passed     99.36%
  21  Cephalorhynchus_heavisidii_CLDN14                    27.94%    passed     89.43%
  22  Lagenorhynchus_australis_CLDN14                      27.11%    passed     91.31%
  23  Tursiops_aduncus_CLDN14                              32.78%    passed     96.46%
  24  Cephalorhynchus_commersonii_CLDN14                   44.12%    passed     76.36%
  25  Lissodelphis_peronii_CLDN14                          37.76%    passed     99.53%
  26  Pontoporia_blainvillei_CLDN14                         1.66%    passed     96.45%
  27  Lipotes_vexillifer_CLDN14                             1.66%    passed     99.13%
  28  Mesoplodon_densirostris_CLDN14                        1.66%    passed     99.97%
  29  Ziphius_cavirostris_CLDN14                            1.66%    passed     98.38%
  30  Hyperoodon_ampullatus_CLDN14                          1.66%    passed     99.78%
  31  Platanista_gangetica_CLDN14                           1.66%    passed     99.64%
  32  Neophocaena_phocaenoides_CLDN14                       1.94%    passed     99.61%
  33  Inia_geoffrensis_CLDN14                              43.43%    passed     73.53%
  34  Kogia_breviceps_CLDN14                                1.66%    passed     99.35%
  35  Kogia_sima_CLDN14                                     1.66%    passed     98.14%
  36  Physeter_catodon_CLDN14                               1.66%    passed     98.04%
  37  Balaenoptera_physalus_CLDN14                          1.66%    passed     90.09%
  38  Balaenoptera_acutorostrata_CLDN14                     1.66%    passed     85.53%
  39  Eubalaena_glacialis_CLDN14                            1.66%    passed     93.88%
  40  Eschrichtius_robustus_CLDN14                         39.83%    passed     93.24%
  41  Megaptera_novaeangliae_CLDN14                        10.79%    passed     90.85%
  42  Phocoena_spinipinnis_CLDN14                          54.50%    passed     86.84%
  43  Sus_scrofa_CLDN14                                     0.41%    passed     98.17%
  44  Bos_taurus_CLDN14                                     1.24%    passed     37.25%
WARNING: 1 sequences contain more than 50% gaps/ambiguity
****  TOTAL                                                 8.52%  0 sequences failed composition chi2 test (p-value<5%; df=3)
NOTE: Globicephala_melas_CLDN14 is identical to Sotalia_fluviatilis_CLDN14 but kept for subsequent analysis
NOTE: Phocoena_phocoena_CLDN14 is identical to Phocoena_sinus_CLDN14 but kept for subsequent analysis
NOTE: 6 identical sequences (see below) will be ignored for subsequent analysis
NOTE: Lagenorhynchus_obscurus_CLDN14 (identical to Sotalia_fluviatilis_CLDN14) is ignored but added at the end
NOTE: Lagenorhynchus_obliquidens_CLDN14 (identical to Sotalia_fluviatilis_CLDN14) is ignored but added at the end
NOTE: Orcinus_orca_CLDN14 (identical to Sotalia_fluviatilis_CLDN14) is ignored but added at the end
NOTE: Feresa_attenuata_CLDN14 (identical to Sotalia_fluviatilis_CLDN14) is ignored but added at the end
NOTE: Peponocephala_electra_CLDN14 (identical to Sotalia_fluviatilis_CLDN14) is ignored but added at the end
NOTE: Grampus_griseus_CLDN14 (identical to Sotalia_fluviatilis_CLDN14) is ignored but added at the end

For your convenience alignment with unique sequences printed to CLDN14_dataset3_nuc_aligned.fasta.uniqueseq.phy


Create initial parsimony tree by phylogenetic likelihood library (PLL)... 0.001 seconds
NOTE: ModelFinder requires 7 MB RAM!
ModelFinder will test 88 DNA models (sample size: 723) ...
 No. Model         -LnL         df  AIC          AICc         BIC
  1  JC            2056.789     73  4259.579     4276.226     4594.168
  2  JC+I          2030.599     74  4209.197     4226.327     4548.370
  3  JC+G4         2029.988     74  4207.976     4225.106     4547.148
  4  JC+I+G4       2029.368     75  4208.735     4226.355     4552.491
  5  F81+F         1995.425     76  4142.850     4160.968     4491.189
  6  F81+F+I       1967.335     77  4088.670     4107.293     4441.593
  7  F81+F+G4      1966.905     77  4087.810     4106.433     4440.732
  8  F81+F+I+G4    1966.381     78  4088.762     4107.899     4446.268
  9  K2P           2050.797     74  4249.595     4266.725     4588.767
 10  K2P+I         2024.277     75  4198.555     4216.174     4542.310
 11  K2P+G4        2023.655     75  4197.310     4214.929     4541.065
 12  K2P+I+G4      2022.982     76  4197.963     4216.081     4546.303
 13  HKY+F         1986.290     77  4126.581     4145.204     4479.503
 14  HKY+F+I       1956.820     78  4069.640     4088.776     4427.145
 15  HKY+F+G4      1956.430     78  4068.860     4087.996     4426.365
 16  HKY+F+I+G4    1955.872     79  4069.744     4089.402     4431.834
 17  TNe           2050.579     75  4251.158     4268.778     4594.914
 18  TNe+I         2024.156     76  4200.311     4218.429     4548.650
 19  TNe+G4        2023.499     76  4198.997     4217.115     4547.336
 20  TNe+I+G4      2022.791     77  4199.582     4218.206     4552.505
 21  TN+F          1986.256     78  4128.512     4147.649     4486.018
 22  TN+F+I        1956.800     79  4071.600     4091.258     4433.690
 23  TN+F+G4       1956.415     79  4070.829     4090.487     4432.918
 24  TN+F+I+G4     1955.863     80  4071.727     4091.913     4438.399
 25  K3P           2050.670     75  4251.340     4268.959     4595.095
 26  K3P+I         2024.048     76  4200.096     4218.213     4548.435
 27  K3P+G4        2023.437     76  4198.874     4216.991     4547.213
 28  K3P+I+G4      2022.769     77  4199.537     4218.160     4552.460
 29  K3Pu+F        1984.559     78  4125.119     4144.255     4482.625
 30  K3Pu+F+I      1953.901     79  4065.802     4085.460     4427.891
 31  K3Pu+F+G4     1953.588     79  4065.176     4084.833     4427.265
 32  K3Pu+F+I+G4   1953.101     80  4066.202     4086.389     4432.875
 33  TPM2+F        1986.235     78  4128.470     4147.606     4485.976
 34  TPM2+F+I      1956.738     79  4071.476     4091.133     4433.565
 35  TPM2+F+G4     1956.351     79  4070.702     4090.360     4432.792
 36  TPM2+F+I+G4   1955.801     80  4071.602     4091.789     4438.275
 37  TPM2u+F       1986.235     78  4128.469     4147.606     4485.975
 38  TPM2u+F+I     1956.738     79  4071.475     4091.133     4433.565
 39  TPM2u+F+G4    1956.351     79  4070.702     4090.360     4432.791
 40  TPM2u+F+I+G4  1955.801     80  4071.602     4091.789     4438.274
 41  TPM3+F        1986.157     78  4128.314     4147.451     4485.820
 42  TPM3+F+I      1956.759     79  4071.519     4091.176     4433.608
 43  TPM3+F+G4     1956.377     79  4070.755     4090.413     4432.844
 44  TPM3+F+I+G4   1955.820     80  4071.640     4091.827     4438.313
 45  TPM3u+F       1986.157     78  4128.314     4147.451     4485.820
 46  TPM3u+F+I     1956.759     79  4071.519     4091.176     4433.608
 47  TPM3u+F+G4    1956.377     79  4070.755     4090.413     4432.844
 48  TPM3u+F+I+G4  1955.820     80  4071.640     4091.826     4438.312
 49  TIMe          2050.452     76  4252.903     4271.021     4601.242
 50  TIMe+I        2023.928     77  4201.856     4220.479     4554.779
 51  TIMe+G4       2023.282     77  4200.564     4219.188     4553.487
 52  TIMe+I+G4     2022.581     78  4201.161     4220.298     4558.667
 53  TIM+F         1984.525     79  4127.050     4146.708     4489.140
 54  TIM+F+I       1953.881     80  4067.762     4087.949     4434.435
 55  TIM+F+G4      1953.572     80  4067.144     4087.331     4433.817
 56  TIM+F+I+G4    1953.090     81  4068.180     4088.904     4439.436
 57  TIM2e         2049.245     76  4250.491     4268.609     4598.830
 58  TIM2e+I       2022.421     77  4198.842     4217.465     4551.764
 59  TIM2e+G4      2021.752     77  4197.505     4216.128     4550.427
 60  TIM2e+I+G4    2020.992     78  4197.984     4217.120     4555.489
 61  TIM2+F        1986.200     79  4130.401     4150.059     4492.490
 62  TIM2+F+I      1956.716     80  4073.432     4093.619     4440.105
 63  TIM2+F+G4     1956.335     80  4072.670     4092.857     4439.342
 64  TIM2+F+I+G4   1955.790     81  4073.580     4094.304     4444.836
 65  TIM3e         2048.385     76  4248.770     4266.888     4597.109
 66  TIM3e+I       2022.844     77  4199.687     4218.310     4552.610
 67  TIM3e+G4      2022.074     77  4198.148     4216.771     4551.070
 68  TIM3e+I+G4    2021.327     78  4198.654     4217.790     4556.160
 69  TIM3+F        1986.122     79  4130.244     4149.902     4492.334
 70  TIM3+F+I      1956.743     80  4073.486     4093.673     4440.159
 71  TIM3+F+G4     1956.365     80  4072.731     4092.918     4439.404
 72  TIM3+F+I+G4   1955.812     81  4073.624     4094.347     4444.880
 73  TVMe          2044.915     77  4243.831     4262.454     4596.753
 74  TVMe+I        2018.252     78  4192.503     4211.640     4550.009
 75  TVMe+G4       2017.560     78  4191.120     4210.257     4548.626
 76  TVMe+I+G4     2016.805     79  4191.610     4211.268     4553.699
 77  TVM+F         1983.218     80  4126.436     4146.623     4493.109
 78  TVM+F+I       1952.848     81  4067.696     4088.420     4438.952
 79  TVM+F+G4      1952.608     81  4067.216     4087.940     4438.472
 80  TVM+F+I+G4    1952.209     82  4068.418     4089.687     4444.258
 81  SYM           2044.710     78  4245.420     4264.557     4602.926
 82  SYM+I         2018.169     79  4194.338     4213.996     4556.428
 83  SYM+G4        2017.441     79  4192.882     4212.540     4554.971
 84  SYM+I+G4      2016.652     80  4193.303     4213.490     4559.976
 85  GTR+F         1983.180     81  4128.360     4149.084     4499.616
 86  GTR+F+I       1952.821     82  4069.643     4090.911     4445.482
 87  GTR+F+G4      1952.587     82  4069.174     4090.443     4445.014
 88  GTR+F+I+G4    1952.196     83  4070.391     4092.213     4450.814
Akaike Information Criterion:           K3Pu+F+G4
Corrected Akaike Information Criterion: K3Pu+F+G4
Bayesian Information Criterion:         HKY+F+G4
Best-fit model: HKY+F+G4 chosen according to BIC

All model information printed to CLDN14_dataset3_nuc_aligned.fasta.model.gz
CPU time for ModelFinder: 1.760 seconds (0h:0m:1s)
Wall-clock time for ModelFinder: 1.921 seconds (0h:0m:1s)
Generating 10000 samples for ultrafast bootstrap (seed: 334735)...

NOTE: 7 MB RAM (0 GB) is required!
Estimate model parameters (epsilon = 0.100)
1. Initial log-likelihood: -1978.558
2. Current log-likelihood: -1957.007
3. Current log-likelihood: -1956.431
Optimal log-likelihood: -1956.429
Rate parameters:  A-C: 1.00000  A-G: 2.20446  A-T: 1.00000  C-G: 1.00000  C-T: 2.20446  G-T: 1.00000
Base frequencies:  A: 0.141  C: 0.382  G: 0.305  T: 0.172
Gamma shape alpha: 0.161
Parameters optimization took 3 rounds (0.054 sec)
Computing ML distances based on estimated model parameters... 0.016 sec
Computing BIONJ tree...
0.064 seconds
Log-likelihood of BIONJ tree: -1958.955
--------------------------------------------------------------------
|             INITIALIZING CANDIDATE TREE SET                      |
--------------------------------------------------------------------
Generating 98 parsimony trees... 0.183 second
Computing log-likelihood of 98 initial trees ... 0.680 seconds
Current best score: -1954.384

Do NNI search on 20 best initial trees
Estimate model parameters (epsilon = 0.100)
BETTER TREE FOUND at iteration 1: -1954.362
BETTER TREE FOUND at iteration 3: -1954.361
Iteration 10 / LogL: -1954.362 / Time: 0h:0m:3s
BETTER TREE FOUND at iteration 11: -1954.361
BETTER TREE FOUND at iteration 14: -1954.360
BETTER TREE FOUND at iteration 20: -1954.360
Iteration 20 / LogL: -1954.360 / Time: 0h:0m:5s
Finish initializing candidate tree set (20)
Current best tree score: -1954.360 / CPU time: 4.993
Number of iterations: 20
--------------------------------------------------------------------
|               OPTIMIZING CANDIDATE TREE SET                      |
--------------------------------------------------------------------
Iteration 30 / LogL: -1954.360 / Time: 0h:0m:8s (0h:0m:25s left)
BETTER TREE FOUND at iteration 36: -1954.359
Iteration 40 / LogL: -1954.360 / Time: 0h:0m:10s (0h:0m:26s left)
BETTER TREE FOUND at iteration 44: -1954.359
BETTER TREE FOUND at iteration 46: -1954.359
Iteration 50 / LogL: -1954.360 / Time: 0h:0m:13s (0h:0m:25s left)
Log-likelihood cutoff on original alignment: -1980.546
BETTER TREE FOUND at iteration 54: -1954.359
BETTER TREE FOUND at iteration 56: -1954.359
Iteration 60 / LogL: -1958.518 / Time: 0h:0m:17s (0h:0m:27s left)
Iteration 70 / LogL: -1954.359 / Time: 0h:0m:19s (0h:0m:24s left)
BETTER TREE FOUND at iteration 79: -1954.359
Iteration 80 / LogL: -1954.360 / Time: 0h:0m:22s (0h:0m:27s left)
UPDATE BEST LOG-LIKELIHOOD: -1954.359
Iteration 90 / LogL: -1954.359 / Time: 0h:0m:24s (0h:0m:24s left)
BETTER TREE FOUND at iteration 97: -1954.359
Iteration 100 / LogL: -1954.373 / Time: 0h:0m:27s (0h:0m:27s left)
Log-likelihood cutoff on original alignment: -1983.174
NOTE: Bootstrap correlation coefficient of split occurrence frequencies: 0.964
NOTE: UFBoot does not converge, continue at least 100 more iterations
BETTER TREE FOUND at iteration 106: -1954.359
Iteration 110 / LogL: -1976.190 / Time: 0h:0m:31s (0h:0m:27s left)
Iteration 120 / LogL: -1954.359 / Time: 0h:0m:34s (0h:0m:24s left)
Iteration 130 / LogL: -1970.727 / Time: 0h:0m:36s (0h:0m:21s left)
Iteration 140 / LogL: -1954.360 / Time: 0h:0m:39s (0h:0m:18s left)
UPDATE BEST LOG-LIKELIHOOD: -1954.359
Iteration 150 / LogL: -1954.359 / Time: 0h:0m:42s (0h:0m:15s left)
Log-likelihood cutoff on original alignment: -1986.671
Iteration 160 / LogL: -1954.360 / Time: 0h:0m:47s (0h:0m:13s left)
BETTER TREE FOUND at iteration 164: -1954.359
BETTER TREE FOUND at iteration 165: -1954.359
Iteration 170 / LogL: -1954.359 / Time: 0h:0m:50s (0h:0m:28s left)
Iteration 180 / LogL: -1954.359 / Time: 0h:0m:53s (0h:0m:25s left)
UPDATE BEST LOG-LIKELIHOOD: -1954.359
Iteration 190 / LogL: -1954.359 / Time: 0h:0m:55s (0h:0m:22s left)
Iteration 200 / LogL: -1954.359 / Time: 0h:0m:58s (0h:0m:19s left)
Log-likelihood cutoff on original alignment: -1988.727
NOTE: Bootstrap correlation coefficient of split occurrence frequencies: 0.972
NOTE: UFBoot does not converge, continue at least 100 more iterations
Iteration 210 / LogL: -1954.359 / Time: 0h:1m:2s (0h:0m:26s left)
BETTER TREE FOUND at iteration 213: -1954.359
Iteration 220 / LogL: -1954.359 / Time: 0h:1m:5s (0h:0m:27s left)
Iteration 230 / LogL: -1954.362 / Time: 0h:1m:8s (0h:0m:24s left)
Iteration 240 / LogL: -1954.359 / Time: 0h:1m:11s (0h:0m:21s left)
Iteration 250 / LogL: -1954.359 / Time: 0h:1m:13s (0h:0m:18s left)
Log-likelihood cutoff on original alignment: -1989.988
BETTER TREE FOUND at iteration 252: -1954.358
BETTER TREE FOUND at iteration 255: -1954.358
UPDATE BEST LOG-LIKELIHOOD: -1954.358
Iteration 260 / LogL: -1954.359 / Time: 0h:1m:17s (0h:0m:28s left)
UPDATE BEST LOG-LIKELIHOOD: -1954.358
Iteration 270 / LogL: -1954.359 / Time: 0h:1m:20s (0h:0m:25s left)
Iteration 280 / LogL: -1954.358 / Time: 0h:1m:23s (0h:0m:22s left)
Iteration 290 / LogL: -1954.361 / Time: 0h:1m:25s (0h:0m:19s left)
UPDATE BEST LOG-LIKELIHOOD: -1954.358
Iteration 300 / LogL: -1954.360 / Time: 0h:1m:28s (0h:0m:16s left)
Log-likelihood cutoff on original alignment: -1990.828
NOTE: Bootstrap correlation coefficient of split occurrence frequencies: 0.986
NOTE: UFBoot does not converge, continue at least 100 more iterations
Iteration 310 / LogL: -1954.358 / Time: 0h:1m:32s (0h:0m:27s left)
BETTER TREE FOUND at iteration 318: -1954.358
Iteration 320 / LogL: -1954.358 / Time: 0h:1m:35s (0h:0m:29s left)
UPDATE BEST LOG-LIKELIHOOD: -1954.358
Iteration 330 / LogL: -1954.358 / Time: 0h:1m:38s (0h:0m:26s left)
BETTER TREE FOUND at iteration 333: -1954.358
Iteration 340 / LogL: -1954.358 / Time: 0h:1m:41s (0h:0m:27s left)
Iteration 350 / LogL: -1954.358 / Time: 0h:1m:44s (0h:0m:24s left)
Log-likelihood cutoff on original alignment: -1991.041
Iteration 360 / LogL: -1954.358 / Time: 0h:1m:48s (0h:0m:22s left)
BETTER TREE FOUND at iteration 364: -1954.358
Iteration 370 / LogL: -1954.358 / Time: 0h:1m:51s (0h:0m:28s left)
BETTER TREE FOUND at iteration 373: -1954.358
Iteration 380 / LogL: -1954.358 / Time: 0h:1m:55s (0h:0m:28s left)
BETTER TREE FOUND at iteration 381: -1954.358
BETTER TREE FOUND at iteration 382: -1954.358
Iteration 390 / LogL: -1954.358 / Time: 0h:1m:58s (0h:0m:28s left)
BETTER TREE FOUND at iteration 393: -1954.358
Iteration 400 / LogL: -1954.358 / Time: 0h:2m:2s (0h:0m:28s left)
Log-likelihood cutoff on original alignment: -1991.472
NOTE: Bootstrap correlation coefficient of split occurrence frequencies: 0.980
NOTE: UFBoot does not converge, continue at least 100 more iterations
BETTER TREE FOUND at iteration 408: -1954.358
Iteration 410 / LogL: -1954.359 / Time: 0h:2m:7s (0h:0m:30s left)
Iteration 420 / LogL: -1954.360 / Time: 0h:2m:10s (0h:0m:27s left)
Iteration 430 / LogL: -1972.271 / Time: 0h:2m:13s (0h:0m:24s left)
UPDATE BEST LOG-LIKELIHOOD: -1954.358
Iteration 440 / LogL: -1954.360 / Time: 0h:2m:16s (0h:0m:21s left)
BETTER TREE FOUND at iteration 442: -1954.358
UPDATE BEST LOG-LIKELIHOOD: -1954.357
Iteration 450 / LogL: -1954.357 / Time: 0h:2m:19s (0h:0m:28s left)
Log-likelihood cutoff on original alignment: -1991.472
BETTER TREE FOUND at iteration 457: -1954.357
Iteration 460 / LogL: -1954.358 / Time: 0h:2m:23s (0h:0m:30s left)
BETTER TREE FOUND at iteration 468: -1954.357
UPDATE BEST LOG-LIKELIHOOD: -1954.357
Iteration 470 / LogL: -1954.357 / Time: 0h:2m:26s (0h:0m:30s left)
Iteration 480 / LogL: -1954.358 / Time: 0h:2m:29s (0h:0m:27s left)
Iteration 490 / LogL: -1954.357 / Time: 0h:2m:32s (0h:0m:24s left)
Iteration 500 / LogL: -1954.357 / Time: 0h:2m:35s (0h:0m:21s left)
Log-likelihood cutoff on original alignment: -1992.205
NOTE: Bootstrap correlation coefficient of split occurrence frequencies: 0.975
NOTE: UFBoot does not converge, continue at least 100 more iterations
BETTER TREE FOUND at iteration 503: -1954.357
BETTER TREE FOUND at iteration 506: -1954.357
BETTER TREE FOUND at iteration 510: -1954.357
Iteration 510 / LogL: -1954.357 / Time: 0h:2m:40s (0h:0m:31s left)
Iteration 520 / LogL: -1954.357 / Time: 0h:2m:43s (0h:0m:28s left)
BETTER TREE FOUND at iteration 528: -1954.357
BETTER TREE FOUND at iteration 529: -1954.357
Iteration 530 / LogL: -1954.357 / Time: 0h:2m:46s (0h:0m:31s left)
Iteration 540 / LogL: -1954.358 / Time: 0h:2m:49s (0h:0m:28s left)
BETTER TREE FOUND at iteration 546: -1954.357
Iteration 550 / LogL: -1955.310 / Time: 0h:2m:52s (0h:0m:30s left)
Log-likelihood cutoff on original alignment: -1992.205
Iteration 560 / LogL: -1958.530 / Time: 0h:2m:57s (0h:0m:27s left)
Iteration 570 / LogL: -1954.371 / Time: 0h:3m:0s (0h:0m:24s left)
UPDATE BEST LOG-LIKELIHOOD: -1954.357
Iteration 580 / LogL: -1954.358 / Time: 0h:3m:3s (0h:0m:20s left)
Iteration 590 / LogL: -1954.358 / Time: 0h:3m:6s (0h:0m:17s left)
Iteration 600 / LogL: -1954.358 / Time: 0h:3m:9s (0h:0m:14s left)
Log-likelihood cutoff on original alignment: -1992.205
NOTE: Bootstrap correlation coefficient of split occurrence frequencies: 0.966
NOTE: UFBoot does not converge, continue at least 100 more iterations
UPDATE BEST LOG-LIKELIHOOD: -1954.357
Iteration 610 / LogL: -1962.479 / Time: 0h:3m:14s (0h:0m:28s left)
Iteration 620 / LogL: -1954.358 / Time: 0h:3m:17s (0h:0m:25s left)
Iteration 630 / LogL: -1954.357 / Time: 0h:3m:20s (0h:0m:22s left)
BETTER TREE FOUND at iteration 637: -1954.357
Iteration 640 / LogL: -1954.357 / Time: 0h:3m:23s (0h:0m:30s left)
BETTER TREE FOUND at iteration 645: -1954.357
Iteration 650 / LogL: -1954.357 / Time: 0h:3m:27s (0h:0m:30s left)
Log-likelihood cutoff on original alignment: -1992.205
Iteration 660 / LogL: -1954.357 / Time: 0h:3m:31s (0h:0m:27s left)
Iteration 670 / LogL: -1954.370 / Time: 0h:3m:34s (0h:0m:24s left)
Iteration 680 / LogL: -1954.371 / Time: 0h:3m:38s (0h:0m:20s left)
Iteration 690 / LogL: -1954.357 / Time: 0h:3m:41s (0h:0m:17s left)
Iteration 700 / LogL: -1954.357 / Time: 0h:3m:44s (0h:0m:14s left)
Log-likelihood cutoff on original alignment: -1992.964
NOTE: Bootstrap correlation coefficient of split occurrence frequencies: 0.960
NOTE: UFBoot does not converge, continue at least 100 more iterations
Iteration 710 / LogL: -1954.371 / Time: 0h:3m:49s (0h:0m:29s left)
Iteration 720 / LogL: -1954.371 / Time: 0h:3m:52s (0h:0m:25s left)
BETTER TREE FOUND at iteration 722: -1954.357
Iteration 730 / LogL: -1954.359 / Time: 0h:3m:56s (0h:0m:29s left)
Iteration 740 / LogL: -1954.358 / Time: 0h:3m:59s (0h:0m:26s left)
Iteration 750 / LogL: -1954.371 / Time: 0h:4m:2s (0h:0m:23s left)
Log-likelihood cutoff on original alignment: -1992.964
Iteration 760 / LogL: -1954.357 / Time: 0h:4m:7s (0h:0m:20s left)
Iteration 770 / LogL: -1954.358 / Time: 0h:4m:11s (0h:0m:16s left)
Iteration 780 / LogL: -1954.381 / Time: 0h:4m:14s (0h:0m:13s left)
Iteration 790 / LogL: -1954.357 / Time: 0h:4m:17s (0h:0m:10s left)
Iteration 800 / LogL: -1954.371 / Time: 0h:4m:21s (0h:0m:7s left)
Log-likelihood cutoff on original alignment: -1992.964
NOTE: Bootstrap correlation coefficient of split occurrence frequencies: 0.952
NOTE: UFBoot does not converge, continue at least 100 more iterations
Iteration 810 / LogL: -1954.357 / Time: 0h:4m:25s (0h:0m:29s left)
Iteration 820 / LogL: -1954.357 / Time: 0h:4m:28s (0h:0m:26s left)
UPDATE BEST LOG-LIKELIHOOD: -1954.357
Iteration 830 / LogL: -1954.358 / Time: 0h:4m:32s (0h:0m:22s left)
Iteration 840 / LogL: -1954.357 / Time: 0h:4m:35s (0h:0m:19s left)
Iteration 850 / LogL: -1954.358 / Time: 0h:4m:39s (0h:0m:16s left)
Log-likelihood cutoff on original alignment: -1993.422
Iteration 860 / LogL: -1954.358 / Time: 0h:4m:43s (0h:0m:13s left)
Iteration 870 / LogL: -1954.358 / Time: 0h:4m:47s (0h:0m:9s left)
UPDATE BEST LOG-LIKELIHOOD: -1954.357
Iteration 880 / LogL: -1954.359 / Time: 0h:4m:50s (0h:0m:6s left)
Iteration 890 / LogL: -1954.357 / Time: 0h:4m:54s (0h:0m:3s left)
Iteration 900 / LogL: -1954.359 / Time: 0h:4m:57s (0h:0m:0s left)
Log-likelihood cutoff on original alignment: -1994.360
NOTE: Bootstrap correlation coefficient of split occurrence frequencies: 0.941
NOTE: UFBoot does not converge, continue at least 100 more iterations
Iteration 910 / LogL: -1954.358 / Time: 0h:5m:2s (0h:0m:29s left)
Iteration 920 / LogL: -1954.370 / Time: 0h:5m:6s (0h:0m:26s left)
Iteration 930 / LogL: -1954.357 / Time: 0h:5m:10s (0h:0m:23s left)
Iteration 940 / LogL: -1954.358 / Time: 0h:5m:13s (0h:0m:20s left)
BETTER TREE FOUND at iteration 941: -1954.357
Iteration 950 / LogL: -1954.358 / Time: 0h:5m:17s (0h:0m:30s left)
Log-likelihood cutoff on original alignment: -1994.360
BETTER TREE FOUND at iteration 953: -1954.357
Iteration 960 / LogL: -1954.359 / Time: 0h:5m:22s (0h:0m:31s left)
Iteration 970 / LogL: -1954.434 / Time: 0h:5m:26s (0h:0m:27s left)
BETTER TREE FOUND at iteration 979: -1954.356
Iteration 980 / LogL: -1954.357 / Time: 0h:5m:29s (0h:0m:33s left)
Iteration 990 / LogL: -1954.371 / Time: 0h:5m:34s (0h:0m:30s left)
BETTER TREE FOUND at iteration 991: -1954.356
Iteration 1000 / LogL: -1954.356 / Time: 0h:5m:38s (0h:0m:30s left)
Log-likelihood cutoff on original alignment: -1994.360
NOTE: Bootstrap correlation coefficient of split occurrence frequencies: 0.946
NOTE: UFBoot does not converge, continue at least 100 more iterations
WARNING: bootstrap analysis did not converge. You should rerun with higher number of iterations (-nm option)
TREE SEARCH COMPLETED AFTER 1001 ITERATIONS / Time: 0h:5m:39s

--------------------------------------------------------------------
|                    FINALIZING TREE SEARCH                        |
--------------------------------------------------------------------
Performs final model parameters optimization
Estimate model parameters (epsilon = 0.010)
1. Initial log-likelihood: -1954.356
Optimal log-likelihood: -1954.356
Rate parameters:  A-C: 1.00000  A-G: 2.13785  A-T: 1.00000  C-G: 1.00000  C-T: 2.13785  G-T: 1.00000
Base frequencies:  A: 0.141  C: 0.382  G: 0.305  T: 0.172
Gamma shape alpha: 0.167
Parameters optimization took 1 rounds (0.011 sec)
BEST SCORE FOUND : -1954.356

Testing tree branches by SH-like aLRT with 5000 replicates...
Testing tree branches by aBayes parametric test...
3.297 sec.
Creating bootstrap support values...
Split supports printed to NEXUS file CLDN14_dataset3_nuc_aligned.fasta.splits.nex
Total tree length: 0.262

Total number of iterations: 1001
CPU time used for tree search: 335.724 sec (0h:5m:35s)
Wall-clock time used for tree search: 339.235 sec (0h:5m:39s)
Total CPU time used: 340.596 sec (0h:5m:40s)
Total wall-clock time used: 344.404 sec (0h:5m:44s)

Computing bootstrap consensus tree...
Reading input file CLDN14_dataset3_nuc_aligned.fasta.splits.nex...
38 taxa and 1272 splits.
Consensus tree written to CLDN14_dataset3_nuc_aligned.fasta.contree
Reading input trees file CLDN14_dataset3_nuc_aligned.fasta.contree
Log-likelihood of consensus tree: -1954.469

Analysis results written to: 
  IQ-TREE report:                CLDN14_dataset3_nuc_aligned.fasta.iqtree
  Maximum-likelihood tree:       CLDN14_dataset3_nuc_aligned.fasta.treefile
  Likelihood distances:          CLDN14_dataset3_nuc_aligned.fasta.mldist

Ultrafast bootstrap approximation results written to:
  Split support values:          CLDN14_dataset3_nuc_aligned.fasta.splits.nex
  Consensus tree:                CLDN14_dataset3_nuc_aligned.fasta.contree
  Screen log file:               CLDN14_dataset3_nuc_aligned.fasta.log

Date and Time: Fri Sep 23 22:52:57 2022
